<?xml version="1.0" encoding="UTF-8"?>
<!-- Generated by org.testng.reporters.JUnitReportReporter -->
<testsuite hostname="Nk8911" failures="0" tests="3" name="com.yatra.qa.testcase.LoginPageTest" time="41.056" errors="0" timestamp="2021-08-01T00:29:11 GMT+05:30" skipped="0">
  <testcase classname="com.yatra.qa.testcase.LoginPageTest" name="LoginPageTitleTest" time="9.682"/>
  <system-out/>
  <testcase classname="com.yatra.qa.testcase.LoginPageTest" name="CrmLogoTest" time="11.603"/>
  <system-out/>
  <testcase classname="com.yatra.qa.testcase.LoginPageTest" name="loginTest" time="19.771"/>
  <system-out/>
</testsuite> <!-- com.yatra.qa.testcase.LoginPageTest -->
